<?xml version="1.0" encoding="UTF-8"?>
<testsuite name="poe.spring.ApplicationTests" tests="1" skipped="0" failures="0" errors="0" timestamp="2024-12-21T05:16:34" hostname="DESKTOP_PSH" time="0.423">
  <properties/>
  <testcase name="contextLoads()" classname="poe.spring.ApplicationTests" time="0.423"/>
  <system-out><![CDATA[14:16:29.842 [Test worker] INFO org.springframework.test.context.support.AnnotationConfigContextLoaderUtils -- Could not detect default configuration classes for test class [poe.spring.ApplicationTests]: ApplicationTests does not declare any static, non-private, non-final, nested classes annotated with @Configuration.
14:16:29.963 [Test worker] INFO org.springframework.boot.test.context.SpringBootTestContextBootstrapper -- Found @SpringBootConfiguration poe.spring.Application for test class poe.spring.ApplicationTests

  .   ____          _            __ _ _
 /\\ / ___'_ __ _ _(_)_ __  __ _ \ \ \ \
( ( )\___ | '_ | '_| | '_ \/ _` | \ \ \ \
 \\/  ___)| |_)| | | | | || (_| |  ) ) ) )
  '  |____| .__|_| |_|_| |_\__, | / / / /
 =========|_|==============|___/=/_/_/_/

 :: Spring Boot ::                (v3.3.4)

?[32m14:16:30.359?[0;39m ?[31mINFO ?[0;39m ?[34m[Test worker]?[0;39m ?[33mp.s.ApplicationTests?[0;39m - Starting ApplicationTests using Java 17.0.6 with PID 16260 (started by sword in C:\Users\sword\WebDevProject\people-of-invest\spring)
?[32m14:16:30.360?[0;39m ?[31mINFO ?[0;39m ?[34m[Test worker]?[0;39m ?[33mp.s.ApplicationTests?[0;39m - No active profile set, falling back to 1 default profile: "default"
?[32m14:16:30.391?[0;39m ?[31mDEBUG?[0;39m ?[34m[Test worker]?[0;39m ?[33mo.s.w.c.s.GenericWebApplicationContext?[0;39m - Refreshing org.springframework.web.context.support.GenericWebApplicationContext@53692008
?[32m14:16:31.057?[0;39m ?[31mINFO ?[0;39m ?[34m[Test worker]?[0;39m ?[33mo.s.d.r.c.RepositoryConfigurationDelegate?[0;39m - Bootstrapping Spring Data JPA repositories in DEFAULT mode.
?[32m14:16:31.148?[0;39m ?[31mINFO ?[0;39m ?[34m[Test worker]?[0;39m ?[33mo.s.d.r.c.RepositoryConfigurationDelegate?[0;39m - Finished Spring Data repository scanning in 80 ms. Found 10 JPA repository interfaces.
?[32m14:16:31.661?[0;39m ?[31mINFO ?[0;39m ?[34m[Test worker]?[0;39m ?[33mc.z.h.HikariDataSource?[0;39m - HikariPool-1 - Starting...
?[32m14:16:31.857?[0;39m ?[31mINFO ?[0;39m ?[34m[Test worker]?[0;39m ?[33mc.z.h.p.HikariPool?[0;39m - HikariPool-1 - Added connection conn0: url=jdbc:h2:mem:dfaba673-8670-438d-a0d1-91594cc9f34c user=SA
?[32m14:16:31.858?[0;39m ?[31mINFO ?[0;39m ?[34m[Test worker]?[0;39m ?[33mc.z.h.HikariDataSource?[0;39m - HikariPool-1 - Start completed.
?[32m14:16:31.905?[0;39m ?[31mINFO ?[0;39m ?[34m[Test worker]?[0;39m ?[33mo.h.j.i.u.LogHelper?[0;39m - HHH000204: Processing PersistenceUnitInfo [name: default]
?[32m14:16:31.974?[0;39m ?[31mINFO ?[0;39m ?[34m[Test worker]?[0;39m ?[33mo.h.Version?[0;39m - HHH000412: Hibernate ORM core version 6.5.3.Final
?[32m14:16:32.015?[0;39m ?[31mINFO ?[0;39m ?[34m[Test worker]?[0;39m ?[33mo.h.c.i.RegionFactoryInitiator?[0;39m - HHH000026: Second-level cache disabled
?[32m14:16:32.352?[0;39m ?[31mINFO ?[0;39m ?[34m[Test worker]?[0;39m ?[33mo.s.o.j.p.SpringPersistenceUnitInfo?[0;39m - No LoadTimeWeaver setup: ignoring JPA class transformer
?[32m14:16:33.431?[0;39m ?[31mINFO ?[0;39m ?[34m[Test worker]?[0;39m ?[33mo.h.e.t.j.p.i.JtaPlatformInitiator?[0;39m - HHH000489: No JTA platform available (set 'hibernate.transaction.jta.platform' to enable JTA platform integration)
?[32m14:16:33.504?[0;39m ?[31mINFO ?[0;39m ?[34m[Test worker]?[0;39m ?[33mo.s.o.j.LocalContainerEntityManagerFactoryBean?[0;39m - Initialized JPA EntityManagerFactory for persistence unit 'default'
?[32m14:16:33.926?[0;39m ?[31mWARN ?[0;39m ?[34m[Test worker]?[0;39m ?[33mo.s.b.a.o.j.JpaBaseConfiguration$JpaWebConfiguration?[0;39m - spring.jpa.open-in-view is enabled by default. Therefore, database queries may be performed during view rendering. Explicitly configure spring.jpa.open-in-view to disable this warning
?[32m14:16:33.995?[0;39m ?[31mINFO ?[0;39m ?[34m[Test worker]?[0;39m ?[33mo.s.s.c.a.a.c.InitializeUserDetailsBeanManagerConfigurer$InitializeUserDetailsManagerConfigurer?[0;39m - Global AuthenticationManager configured with UserDetailsService bean with name inMemoryUserDetailsManager
?[32m14:16:34.149?[0;39m ?[31mDEBUG?[0;39m ?[34m[Test worker]?[0;39m ?[33mo.s.w.s.m.m.a.RequestMappingHandlerMapping?[0;39m - 13 mappings in 'requestMappingHandlerMapping'
?[32m14:16:34.294?[0;39m ?[31mDEBUG?[0;39m ?[34m[Test worker]?[0;39m ?[33mo.s.w.s.h.SimpleUrlHandlerMapping?[0;39m - Patterns [/webjars/**, /**] in 'resourceHandlerMapping'
?[32m14:16:34.550?[0;39m ?[31mDEBUG?[0;39m ?[34m[Test worker]?[0;39m ?[33mo.s.w.s.m.m.a.RequestMappingHandlerAdapter?[0;39m - ControllerAdvice beans: 0 @ModelAttribute, 0 @InitBinder, 1 RequestBodyAdvice, 1 ResponseBodyAdvice
?[32m14:16:34.591?[0;39m ?[31mDEBUG?[0;39m ?[34m[Test worker]?[0;39m ?[33mo.s.w.s.m.m.a.ExceptionHandlerExceptionResolver?[0;39m - ControllerAdvice beans: 2 @ExceptionHandler, 1 ResponseBodyAdvice
?[32m14:16:34.786?[0;39m ?[31mINFO ?[0;39m ?[34m[Test worker]?[0;39m ?[33mp.s.ApplicationTests?[0;39m - Started ApplicationTests in 4.658 seconds (process running for 5.798)
]]></system-out>
  <system-err><![CDATA[]]></system-err>
</testsuite>
